<?xml version="1.0" encoding="UTF-8" ?>
<testsuite failures="0" time="4.547" errors="0" skipped="0" tests="10" name="com.roma.yad2.TestBounceActor">
  <properties>
[...]
</properties>
  <testcase time="1.73" classname="com.roma.yad2.TestBounceActor" name="testIsBounceNeededTrue"/>
  <testcase time="0.002" classname="com.roma.yad2.TestBounceActor" name="testIsBounceNeededFalse"/>
  <testcase time="0.772" classname="com.roma.yad2.TestBounceActor" name="testParseActiveOrderLinks"/>
  <testcase time="0.239" classname="com.roma.yad2.TestBounceActor" name="testGetNextBounceDate"/>
  <testcase time="0.931" classname="com.roma.yad2.TestBounceActor" name="testParseActiveItemsInOrderPage"/>
  <testcase time="0.482" classname="com.roma.yad2.TestBounceActor" name="testParseActiveItemsInOrderPageCars"/>
  <testcase time="0.339" classname="com.roma.yad2.TestBounceActor" name="testSession"/>
  <testcase time="0.003" classname="com.roma.yad2.TestBounceActor" name="testSessionWithTS"/>
  <testcase time="0.046" classname="com.roma.yad2.TestBounceActor" name="testBounceFindBounceLink"/>
  <testcase time="0.003" classname="com.roma.yad2.TestBounceActor" name="testBounce1"/>
</testsuite>